Unity Editor version:    2022.3.11f1 (d00248457e15)
Branch:                  2022.3/staging
Build type:              Release
Batch mode:              YES
macOS version:           Version 13.2.1 (Build 22D68)
Darwin version:          22.3.0
Architecture:            x86_64
Running under Rosetta:   NO
Available memory:        16384 MB
Using pre-set license
Pro License: YES

COMMAND LINE ARGUMENTS:
/Applications/Unity/Hub/Editor/2022.3.11f1/Unity.app/Contents/MacOS/Unity
-adb2
-batchMode
-noUpm
-name
AssetImportWorker2
-projectPath
/Users/satoatoo/Desktop/chickenmaze
-logFile
Logs/AssetImportWorker2.log
-srvPort
62662
Successfully changed project path to: /Users/satoatoo/Desktop/chickenmaze
/Users/satoatoo/Desktop/chickenmaze
[UnityMemory] Configuration Parameters - Can be set up in boot.config
    "memorysetup-bucket-allocator-granularity=16"
    "memorysetup-bucket-allocator-bucket-count=8"
    "memorysetup-bucket-allocator-block-size=33554432"
    "memorysetup-bucket-allocator-block-count=8"
    "memorysetup-main-allocator-block-size=16777216"
    "memorysetup-thread-allocator-block-size=16777216"
    "memorysetup-gfx-main-allocator-block-size=16777216"
    "memorysetup-gfx-thread-allocator-block-size=16777216"
    "memorysetup-cache-allocator-block-size=4194304"
    "memorysetup-typetree-allocator-block-size=2097152"
    "memorysetup-profiler-bucket-allocator-granularity=16"
    "memorysetup-profiler-bucket-allocator-bucket-count=8"
    "memorysetup-profiler-bucket-allocator-block-size=33554432"
    "memorysetup-profiler-bucket-allocator-block-count=8"
    "memorysetup-profiler-allocator-block-size=16777216"
    "memorysetup-profiler-editor-allocator-block-size=1048576"
    "memorysetup-temp-allocator-size-main=16777216"
    "memorysetup-job-temp-allocator-block-size=2097152"
    "memorysetup-job-temp-allocator-block-size-background=1048576"
    "memorysetup-job-temp-allocator-reduction-small-platforms=262144"
    "memorysetup-allocator-temp-initial-block-size-main=262144"
    "memorysetup-allocator-temp-initial-block-size-worker=262144"
    "memorysetup-temp-allocator-size-background-worker=32768"
    "memorysetup-temp-allocator-size-job-worker=262144"
    "memorysetup-temp-allocator-size-preload-manager=33554432"
    "memorysetup-temp-allocator-size-nav-mesh-worker=65536"
    "memorysetup-temp-allocator-size-audio-worker=65536"
    "memorysetup-temp-allocator-size-cloud-worker=32768"
    "memorysetup-temp-allocator-size-gi-baking-worker=262144"
    "memorysetup-temp-allocator-size-gfx=262144"
Player connection [140704546240128] Host "[IP] 192.168.8.106 [Port] 0 [Flags] 2 [Guid] 4025001184 [EditorId] 4025001184 [Version] 1048832 [Id] OSXEditor(0,Andress-MBP) [Debug] 1 [PackageName] OSXEditor [ProjectName] Editor" joined multi-casting on [225.0.0.222:54997]...

Player connection [140704546240128] Host "[IP] 192.168.8.106 [Port] 0 [Flags] 2 [Guid] 4025001184 [EditorId] 4025001184 [Version] 1048832 [Id] OSXEditor(0,Andress-MBP) [Debug] 1 [PackageName] OSXEditor [ProjectName] Editor" joined alternative multi-casting on [225.0.0.222:34997]...

[Physics::Module] Initialized MultithreadedJobDispatcher with 15 workers.
Refreshing native plugins compatible for Editor in 21.03 ms, found 2 plugins.
Preloading 0 native plugins for Editor in 0.00 ms.
Initialize engine version: 2022.3.11f1 (d00248457e15)
[Subsystems] Discovering subsystems at path /Applications/Unity/Hub/Editor/2022.3.11f1/Unity.app/Contents/Resources/UnitySubsystems
[Subsystems] Discovering subsystems at path /Users/satoatoo/Desktop/chickenmaze/Assets
GfxDevice: creating device client; threaded=0; jobified=0
Color LCD preferred device: AMD Radeon Pro 560X (high power)
Metal devices available: 2
0: AMD Radeon Pro 560X (high power)
1: Intel(R) UHD Graphics 630 (low power)
Using device AMD Radeon Pro 560X (high power)
Initializing Metal device caps: AMD Radeon Pro 560X
Initialize mono
Mono path[0] = '/Applications/Unity/Hub/Editor/2022.3.11f1/Unity.app/Contents/Managed'
Mono path[1] = '/Applications/Unity/Hub/Editor/2022.3.11f1/Unity.app/Contents/MonoBleedingEdge/lib/mono/unityjit-macos'
Mono config path = '/Applications/Unity/Hub/Editor/2022.3.11f1/Unity.app/Contents/MonoBleedingEdge/etc'
Using monoOptions --debugger-agent=transport=dt_socket,embedding=1,server=y,suspend=n,address=127.0.0.1:56545
Begin MonoManager ReloadAssembly
Registering precompiled unity dll's ...
Register platform support module: /Applications/Unity/Hub/Editor/2022.3.11f1/Unity.app/Contents/PlaybackEngines/MacStandaloneSupport/UnityEditor.OSXStandalone.Extensions.dll
Registered in 0.004756 seconds.
- Loaded All Assemblies, in  0.460 seconds
Native extension for OSXStandalone target not found
Mono: successfully reloaded assembly
- Finished resetting the current domain, in  0.286 seconds
Domain Reload Profiling: 746ms
	BeginReloadAssembly (167ms)
		ExecutionOrderSort (0ms)
		DisableScriptedObjects (0ms)
		BackupInstance (0ms)
		ReleaseScriptingObjects (0ms)
		CreateAndSetChildDomain (1ms)
	RebuildCommonClasses (49ms)
	RebuildNativeTypeToScriptingClass (14ms)
	initialDomainReloadingComplete (61ms)
	LoadAllAssembliesAndSetupDomain (168ms)
		LoadAssemblies (168ms)
		RebuildTransferFunctionScriptingTraits (0ms)
		AnalyzeDomain (165ms)
			TypeCache.Refresh (162ms)
				TypeCache.ScanAssembly (147ms)
			ScanForSourceGeneratedMonoScriptInfo (0ms)
			ResolveRequiredComponents (1ms)
	FinalizeReload (287ms)
		ReleaseScriptCaches (0ms)
		RebuildScriptCaches (0ms)
		SetupLoadedEditorAssemblies (220ms)
			LogAssemblyErrors (0ms)
			InitializePlatformSupportModulesInManaged (8ms)
			SetLoadedEditorAssemblies (9ms)
			RefreshPlugins (0ms)
			BeforeProcessingInitializeOnLoad (2ms)
			ProcessInitializeOnLoadAttributes (151ms)
			ProcessInitializeOnLoadMethodAttributes (50ms)
			AfterProcessingInitializeOnLoad (0ms)
			EditorAssembliesLoaded (0ms)
		ExecutionOrderSort2 (0ms)
		AwakeInstancesAfterBackupRestoration (0ms)
========================================================================
Worker process is ready to serve import requests
Begin MonoManager ReloadAssembly
- Loaded All Assemblies, in  0.793 seconds
Refreshing native plugins compatible for Editor in 1.51 ms, found 2 plugins.
Native extension for OSXStandalone target not found
Package Manager log level set to [2]
[Package Manager] Server::EnsureServerProcessIsRunning -- launch failed, reason: Unity was launched with the -noUpm command-line argument
[Package Manager] UpmClient::Send -- Unable to send message (not connected to UPM process).
[Package Manager] Cannot connect to Unity Package Manager local server
Mono: successfully reloaded assembly
- Finished resetting the current domain, in  0.680 seconds
Domain Reload Profiling: 1474ms
	BeginReloadAssembly (138ms)
		ExecutionOrderSort (0ms)
		DisableScriptedObjects (6ms)
		BackupInstance (0ms)
		ReleaseScriptingObjects (0ms)
		CreateAndSetChildDomain (26ms)
	RebuildCommonClasses (44ms)
	RebuildNativeTypeToScriptingClass (12ms)
	initialDomainReloadingComplete (45ms)
	LoadAllAssembliesAndSetupDomain (554ms)
		LoadAssemblies (396ms)
		RebuildTransferFunctionScriptingTraits (0ms)
		AnalyzeDomain (229ms)
			TypeCache.Refresh (203ms)
				TypeCache.ScanAssembly (187ms)
			ScanForSourceGeneratedMonoScriptInfo (17ms)
			ResolveRequiredComponents (5ms)
	FinalizeReload (681ms)
		ReleaseScriptCaches (0ms)
		RebuildScriptCaches (0ms)
		SetupLoadedEditorAssemblies (519ms)
			LogAssemblyErrors (0ms)
			InitializePlatformSupportModulesInManaged (4ms)
			SetLoadedEditorAssemblies (4ms)
			RefreshPlugins (0ms)
			BeforeProcessingInitializeOnLoad (51ms)
			ProcessInitializeOnLoadAttributes (437ms)
			ProcessInitializeOnLoadMethodAttributes (20ms)
			AfterProcessingInitializeOnLoad (1ms)
			EditorAssembliesLoaded (0ms)
		ExecutionOrderSort2 (0ms)
		AwakeInstancesAfterBackupRestoration (4ms)
Launching external process: /Applications/Unity/Hub/Editor/2022.3.11f1/Unity.app/Contents/Tools/UnityShaderCompiler
Launched and connected shader compiler UnityShaderCompiler after 0.08 seconds
Refreshing native plugins compatible for Editor in 1.32 ms, found 2 plugins.
Preloading 0 native plugins for Editor in 0.00 ms.
Unloading 3464 Unused Serialized files (Serialized files now loaded: 0)
Unloading 39 unused Assets / (51.9 KB). Loaded Objects now: 3928.
Memory consumption went from 133.8 MB to 133.7 MB.
Total: 4.045772 ms (FindLiveObjects: 0.521711 ms CreateObjectMapping: 0.202504 ms MarkObjects: 3.206045 ms  DeleteObjects: 0.114704 ms)

AssetImportParameters requested are different than current active one (requested -> active):
  custom:container-demuxer-ogg: 62fdf1f143b41e24485cea50d1cbac27 -> 
  custom:video-decoder-ogg-theora: a1e56fd34408186e4bbccfd4996cb3dc -> 
  custom:CustomObjectIndexerAttribute: 756ad292c208cfabdd7b50bc23989ffe -> 
  custom:container-demuxer-webm: 4f35f7cbe854078d1ac9338744f61a02 -> 
  custom:container-muxer-webm: aa71ff27fc2769a1b78a27578f13a17b -> 
  custom:video-decoder-webm-vp8: 9c59270c3fd7afecdb556c50c9e8de78 -> 
  custom:SearchIndexIgnoredProperties: e643bd26f0fe6173181afceb89e7c659 -> 
  custom:AudioImporter_EditorPlatform: 3918e3fc78b5a79bad01e8451be0beb8 -> 
  custom:framework-osx-AVFoundation: e770b220cccbd017edd2c1fefb359320 -> 
  custom:video-encoder-webm-vp8: eb34c28f22e8b96e1ab97ce403110664 -> 
  custom:audio-decoder-ogg-vorbis: bf7c407c2cedff20999df2af8eb42d56 -> 
  custom:audio-encoder-webm-vorbis: bf7c407c2cedff20999df2af8eb42d56 -> 
========================================================================
Received Import Request.
  Time since last request: 297515.133474 seconds.
  path: Assets/Ypres - Low Poly No Man's Land/Contents/Prefabs/Rocks/Large Rock 01.prefab
  artifactKey: Guid(3a56ad41eead6564eb93ddd3bc6ecee6) Importer(815301076,1909f56bfc062723c751e8b465ee728b)
Start importing Assets/Ypres - Low Poly No Man's Land/Contents/Prefabs/Rocks/Large Rock 01.prefab using Guid(3a56ad41eead6564eb93ddd3bc6ecee6) Importer(815301076,1909f56bfc062723c751e8b465ee728b)  -> (artifact id: '5690ffad0217578ffdf4a2220063cbc2') in 0.128357 seconds
Number of updated asset objects reloaded before import = 0
Number of asset objects unloaded after import = 9
========================================================================
Received Import Request.
  Time since last request: 0.000082 seconds.
  path: Assets/Ypres - Low Poly No Man's Land/Contents/Prefabs/Rocks/Large Rock 13.prefab
  artifactKey: Guid(508741f7e5895d94abc457dfe010314c) Importer(815301076,1909f56bfc062723c751e8b465ee728b)
Start importing Assets/Ypres - Low Poly No Man's Land/Contents/Prefabs/Rocks/Large Rock 13.prefab using Guid(508741f7e5895d94abc457dfe010314c) Importer(815301076,1909f56bfc062723c751e8b465ee728b)  -> (artifact id: 'd9414a29f7ecfcbeb52fac71cee2b1e1') in 0.013017 seconds
Number of updated asset objects reloaded before import = 0
Number of asset objects unloaded after import = 9
========================================================================
Received Import Request.
  Time since last request: 0.000050 seconds.
  path: Assets/Ypres - Low Poly No Man's Land/Contents/Prefabs/Rocks/Large Rock 06.prefab
  artifactKey: Guid(320e12221aec36b4ba698e89e13d5397) Importer(815301076,1909f56bfc062723c751e8b465ee728b)
Start importing Assets/Ypres - Low Poly No Man's Land/Contents/Prefabs/Rocks/Large Rock 06.prefab using Guid(320e12221aec36b4ba698e89e13d5397) Importer(815301076,1909f56bfc062723c751e8b465ee728b)  -> (artifact id: 'aae5c3bd81ea90201f7f2611a69aa448') in 0.007423 seconds
Number of updated asset objects reloaded before import = 0
Number of asset objects unloaded after import = 9
========================================================================
Received Import Request.
  Time since last request: 0.000040 seconds.
  path: Assets/Ypres - Low Poly No Man's Land/Contents/Prefabs/Puddles/Puddle 6.prefab
  artifactKey: Guid(79582606ea77562438ca3c3eaf5d8862) Importer(815301076,1909f56bfc062723c751e8b465ee728b)
Start importing Assets/Ypres - Low Poly No Man's Land/Contents/Prefabs/Puddles/Puddle 6.prefab using Guid(79582606ea77562438ca3c3eaf5d8862) Importer(815301076,1909f56bfc062723c751e8b465ee728b)  -> (artifact id: '0fbda4f420887bf066c076b106776501') in 0.031977 seconds
Number of updated asset objects reloaded before import = 0
Number of asset objects unloaded after import = 8
========================================================================
Received Import Request.
  Time since last request: 0.000055 seconds.
  path: Assets/Ypres - Low Poly No Man's Land/Contents/Prefabs/Rocks/Large Rock 04.prefab
  artifactKey: Guid(30dda4c5385f98e4cb9de3f1ea24c66a) Importer(815301076,1909f56bfc062723c751e8b465ee728b)
Start importing Assets/Ypres - Low Poly No Man's Land/Contents/Prefabs/Rocks/Large Rock 04.prefab using Guid(30dda4c5385f98e4cb9de3f1ea24c66a) Importer(815301076,1909f56bfc062723c751e8b465ee728b)  -> (artifact id: '345b35e4815c81284157bafcd9b67868') in 0.005696 seconds
Number of updated asset objects reloaded before import = 0
Number of asset objects unloaded after import = 9
========================================================================
Received Import Request.
  Time since last request: 0.000061 seconds.
  path: Assets/Ypres - Low Poly No Man's Land/Contents/Prefabs/Puddles/Puddle 2.prefab
  artifactKey: Guid(d49c2ae770a89104bbb23c507159f637) Importer(815301076,1909f56bfc062723c751e8b465ee728b)
Start importing Assets/Ypres - Low Poly No Man's Land/Contents/Prefabs/Puddles/Puddle 2.prefab using Guid(d49c2ae770a89104bbb23c507159f637) Importer(815301076,1909f56bfc062723c751e8b465ee728b)  -> (artifact id: 'cc695f6bd9580842019ee74810769dc7') in 0.006216 seconds
Number of updated asset objects reloaded before import = 0
Number of asset objects unloaded after import = 8
========================================================================
Received Import Request.
  Time since last request: 0.000057 seconds.
  path: Assets/Ypres - Low Poly No Man's Land/Contents/Prefabs/Rocks/Large Rock 11.prefab
  artifactKey: Guid(c9b7e3e3aeabdb94db80a57af5e27e0e) Importer(815301076,1909f56bfc062723c751e8b465ee728b)
Start importing Assets/Ypres - Low Poly No Man's Land/Contents/Prefabs/Rocks/Large Rock 11.prefab using Guid(c9b7e3e3aeabdb94db80a57af5e27e0e) Importer(815301076,1909f56bfc062723c751e8b465ee728b)  -> (artifact id: '4ad8e0b33e733466b6a5adea8f91ac40') in 0.007773 seconds
Number of updated asset objects reloaded before import = 0
Number of asset objects unloaded after import = 9
========================================================================
Received Import Request.
  Time since last request: 0.000055 seconds.
  path: Assets/Ypres - Low Poly No Man's Land/Contents/Prefabs/Rocks/Large Rock 09.prefab
  artifactKey: Guid(580b4a6aff65828408bce2fcc10b32af) Importer(815301076,1909f56bfc062723c751e8b465ee728b)
Start importing Assets/Ypres - Low Poly No Man's Land/Contents/Prefabs/Rocks/Large Rock 09.prefab using Guid(580b4a6aff65828408bce2fcc10b32af) Importer(815301076,1909f56bfc062723c751e8b465ee728b)  -> (artifact id: 'e9bc37be9b7d01c5d7100c0374a14a6e') in 0.012019 seconds
Number of updated asset objects reloaded before import = 0
Number of asset objects unloaded after import = 9
========================================================================
Received Import Request.
  Time since last request: 0.000059 seconds.
  path: Assets/Ypres - Low Poly No Man's Land/Contents/Prefabs/Rocks/Large Rock 10.prefab
  artifactKey: Guid(f114c04b8f26fb947b43f2b72d54b2af) Importer(815301076,1909f56bfc062723c751e8b465ee728b)
Start importing Assets/Ypres - Low Poly No Man's Land/Contents/Prefabs/Rocks/Large Rock 10.prefab using Guid(f114c04b8f26fb947b43f2b72d54b2af) Importer(815301076,1909f56bfc062723c751e8b465ee728b)  -> (artifact id: 'e0a8fb3758bad76301cbfbd3cedd1161') in 0.010297 seconds
Number of updated asset objects reloaded before import = 0
Number of asset objects unloaded after import = 9
========================================================================
Received Import Request.
  Time since last request: 0.000070 seconds.
  path: Assets/Ypres - Low Poly No Man's Land/Contents/Prefabs/Puddles/Puddle 5.prefab
  artifactKey: Guid(a22f217583d6a014cb5d19190a295f34) Importer(815301076,1909f56bfc062723c751e8b465ee728b)
Start importing Assets/Ypres - Low Poly No Man's Land/Contents/Prefabs/Puddles/Puddle 5.prefab using Guid(a22f217583d6a014cb5d19190a295f34) Importer(815301076,1909f56bfc062723c751e8b465ee728b)  -> (artifact id: 'bfca241ce22f542c04c1a9332bca5dd7') in 0.022313 seconds
Number of updated asset objects reloaded before import = 0
Number of asset objects unloaded after import = 8
========================================================================
Received Import Request.
  Time since last request: 0.000118 seconds.
  path: Assets/Ypres - Low Poly No Man's Land/Contents/Prefabs/Rocks/Large Rock 08.prefab
  artifactKey: Guid(5db41396d5fac1f48b41a456bee3bcca) Importer(815301076,1909f56bfc062723c751e8b465ee728b)
Start importing Assets/Ypres - Low Poly No Man's Land/Contents/Prefabs/Rocks/Large Rock 08.prefab using Guid(5db41396d5fac1f48b41a456bee3bcca) Importer(815301076,1909f56bfc062723c751e8b465ee728b)  -> (artifact id: 'b500e2d32790f74f01e11e57e267d502') in 0.008774 seconds
Number of updated asset objects reloaded before import = 0
Number of asset objects unloaded after import = 9
========================================================================
Received Import Request.
  Time since last request: 0.000049 seconds.
  path: Assets/Ypres - Low Poly No Man's Land/Contents/Prefabs/Rocks/Large Rock 12.prefab
  artifactKey: Guid(9ebd8a0a2d68b804cb9a74884d8c51aa) Importer(815301076,1909f56bfc062723c751e8b465ee728b)
Start importing Assets/Ypres - Low Poly No Man's Land/Contents/Prefabs/Rocks/Large Rock 12.prefab using Guid(9ebd8a0a2d68b804cb9a74884d8c51aa) Importer(815301076,1909f56bfc062723c751e8b465ee728b)  -> (artifact id: '58a41eaa282c9737cf1ea1a0ddd47566') in 0.006649 seconds
Number of updated asset objects reloaded before import = 0
Number of asset objects unloaded after import = 9
========================================================================
Received Import Request.
  Time since last request: 0.000047 seconds.
  path: Assets/Ypres - Low Poly No Man's Land/Contents/Prefabs/Puddles/Puddle 1.prefab
  artifactKey: Guid(428c76bba0ccd734db2a5a9f957781d5) Importer(815301076,1909f56bfc062723c751e8b465ee728b)
Start importing Assets/Ypres - Low Poly No Man's Land/Contents/Prefabs/Puddles/Puddle 1.prefab using Guid(428c76bba0ccd734db2a5a9f957781d5) Importer(815301076,1909f56bfc062723c751e8b465ee728b)  -> (artifact id: 'd2cde92a36a76fd38295ced290dd7cff') in 0.020195 seconds
Number of updated asset objects reloaded before import = 0
Number of asset objects unloaded after import = 8
========================================================================
Received Import Request.
  Time since last request: 0.000098 seconds.
  path: Assets/Ypres - Low Poly No Man's Land/Contents/Prefabs/Puddles/Puddle 3.prefab
  artifactKey: Guid(b602ed21e31b3ed4fad441dcf296ac62) Importer(815301076,1909f56bfc062723c751e8b465ee728b)
Start importing Assets/Ypres - Low Poly No Man's Land/Contents/Prefabs/Puddles/Puddle 3.prefab using Guid(b602ed21e31b3ed4fad441dcf296ac62) Importer(815301076,1909f56bfc062723c751e8b465ee728b)  -> (artifact id: '176aff5397f06a9fd30ca19592afda9d') in 0.007786 seconds
Number of updated asset objects reloaded before import = 0
Number of asset objects unloaded after import = 8
========================================================================
Received Import Request.
  Time since last request: 0.000075 seconds.
  path: Assets/Ypres - Low Poly No Man's Land/Contents/Prefabs/Rocks/Large Rock 03.prefab
  artifactKey: Guid(d5d1966a7c394464886f3f1ac86f60d9) Importer(815301076,1909f56bfc062723c751e8b465ee728b)
Start importing Assets/Ypres - Low Poly No Man's Land/Contents/Prefabs/Rocks/Large Rock 03.prefab using Guid(d5d1966a7c394464886f3f1ac86f60d9) Importer(815301076,1909f56bfc062723c751e8b465ee728b)  -> (artifact id: '8f5a303ad2f86738347f4c32c8afda95') in 0.014363 seconds
Number of updated asset objects reloaded before import = 0
Number of asset objects unloaded after import = 9
========================================================================
Received Import Request.
  Time since last request: 0.773856 seconds.
  path: Assets/1H_Hero_singe_animations/51_1H_Hero@1H_COMBAT_mode/51_1H_Hero@1H_COMBAT_mode_humanoid.FBX
  artifactKey: Guid(c18b1728cc7b6824bbd9e4a93a6c6176) Importer(815301076,1909f56bfc062723c751e8b465ee728b)
Start importing Assets/1H_Hero_singe_animations/51_1H_Hero@1H_COMBAT_mode/51_1H_Hero@1H_COMBAT_mode_humanoid.FBX using Guid(c18b1728cc7b6824bbd9e4a93a6c6176) Importer(815301076,1909f56bfc062723c751e8b465ee728b)  -> (artifact id: '6c2de8e0a32556738352149b889422cc') in 0.116947 seconds
Number of updated asset objects reloaded before import = 0
Number of asset objects unloaded after import = 149
Editor requested this worker to shutdown with reason: Scaling down because of idle timeout
TcpMessagingSession - receive error: operation aborted. errorcode: 89, details: Operation aborted.
AssetImportWorker is now disconnected from the server
Process exiting
